* installing *source* package 'VEReports' ...
** using staged installation
** R
** data
*** moving datasets to lazyload DB
** inst
** byte-compile and prepare package for lazy loading
[32m<U+2714>[39m Setting active project to [34m'G:/Documents/GitHub/VisionEval-Dev/sources/modules/VEReports.Rcheck/00_pkg_src/VEReports'[39m
[32m<U+2714>[39m Saving [34m'TruckBusAgeDist_mx'[39m to [34m'data/TruckBusAgeDist_mx.rda'[39m
[32m<U+2714>[39m Saving [34m'ReportRPATMetricsSpecifications'[39m to [34m'data/ReportRPATMetricsSpecifications.rda'[39m
** help
*** installing help indices
** building package indices
** testing if installed package can be loaded from temporary location
*** arch - i386
*** arch - x64
** testing if installed package can be loaded from final location
*** arch - i386
*** arch - x64
** testing if installed package keeps a record of temporary installation path
* DONE (VEReports)
