R Version     : R 4.0.1 [using "C:/PROGRA~1/R/R-40~1.1/bin/x64/R.exe"]
Configuration : config/VE-config-release.yml
Git Branch    : visioneval
[[ -n "C:/Users/jeremy.raw/Git-Repos/VisionEval-dev-nextgen/dev/logs/visioneval/4.0.1" ]] && rm -f C:/Users/jeremy.raw/Git-Repos/VisionEval-dev-nextgen/dev/logs/visioneval/4.0.1/modules.built
"C:/PROGRA~1/R/R-40~1.1/bin/x64/R.exe" --vanilla --slave --quiet --no-init-file -f scripts/build-framework.R
Test data is up to date
Existing framework binary package: visioneval (Already Installed) 
Framework source package up to date
Framework binary package up to date
++++++++++ Done building , testing and installing VisionEval framework.
"C:/PROGRA~1/R/R-40~1.1/bin/x64/R.exe" --vanilla --slave --quiet --no-init-file -f scripts/build-modules.R
Test data is up to date
Existing binary package: VE2001NHTS (Already Installed) 
Existing binary package: VEScenario (Already Installed) 
Existing binary package: VESimHouseholds (Already Installed) 
Existing binary package: VESimLandUseData (Already Installed) 
Existing binary package: VESyntheticFirms (Already Installed) 
Existing binary package: VETransportSupply (Already Installed) 
Existing binary package: VETransportSupplyUse (Already Installed) 
Existing binary package: VEHouseholdTravel (Already Installed) 
Existing binary package: VEHouseholdVehicles (Already Installed) 
Existing binary package: VEHouseholdVehiclesWithAdj (Already Installed) 
Existing binary package: VELandUse (Already Installed) 
Existing binary package: VETravelDemandMM (Already Installed) 
Existing binary package: VEPowertrainsAndFuels (Already Installed) 
Existing binary package: VEReports (Already Installed) 
Existing binary package: VESimLandUse (Already Installed) 
Existing binary package: VESimTransportSupply (Already Installed) 
++++++++++ Updating package VETravelPerformance from C:/Users/jeremy.raw/Git-Repos/VisionEval-dev-nextgen/sources/modules/VETravelPerformance (Exists:  TRUE )
VETravelPerformance is NOT built
VETravelPerformance is NOT installed
++++++++++ Copying module source C:/Users/jeremy.raw/Git-Repos/VisionEval-dev-nextgen/sources/modules/VETravelPerformance to build/test environment...
++++++++++ Checking and pre-processing VETravelPerformance in C:/Users/jeremy.raw/Git-Repos/VisionEval-dev-nextgen/built/visioneval/4.0.1/src/VETravelPerformance
Writing NAMESPACE
Writing NAMESPACE
Writing AdjustHhVehicleMpgMpkwhSpecifications.Rd
Writing BalanceRoadCostsAndRevenuesSpecifications.Rd
Writing OpPropModel_ls.Rd
Writing BudgetHouseholdDvmtSpecifications.Rd
Writing CalculateComEnergyAndEmissionsSpecifications.Rd
Writing MpgMpkwhAdj_ls.Rd
Writing CalculateMpgMpkwhAdjustmentsSpecifications.Rd
Writing CalculatePtranEnergyAndEmissionsSpecifications.Rd
Writing CalculateRoadDvmtSpecifications.Rd
Writing CongestedProportions_ls.Rd
Writing BaseSpeeds_df.Rd
Writing Delay_df.Rd
Writing Ramp_df.Rd
Writing Incident_df.Rd
Writing Signal_df.Rd
Writing Access_df.Rd
Writing DvmtSplit_LM.Rd
Writing UrbanRuralAveSpeed_ls.Rd
Writing CalculateRoadPerformanceSpecifications.Rd
Writing OpCosts_ls.Rd
Writing CalculateVehicleOperatingCostSpecifications.Rd
Writing UzaDvmtNames_ls.Rd
Writing InitializeSpecifications.Rd
Writing RoadDvmtModel_ls.Rd
-- Building --------------------------------------------- VETravelPerformance --
Setting env vars:
* CFLAGS    : -Wall -pedantic
* CXXFLAGS  : -Wall -pedantic
* CXX11FLAGS: -Wall -pedantic
--------------------------------------------------------------------------------
      v  checking for file 'C:\Users\jeremy.raw\Git-Repos\VisionEval-dev-nextgen\built\visioneval\4.0.1\src\VETravelPerformance/DESCRIPTION'
      -  preparing 'VETravelPerformance':
   checking DESCRIPTION meta-information ...     checking DESCRIPTION meta-information ...   v  checking DESCRIPTION meta-information
  Warning in as.POSIXlt.POSIXct(x, tz) :     Warning in as.POSIXlt.POSIXct(x, tz) : unknown timezone 'EST+5EDT'
   Warning in format.POSIXlt(as.POSIXlt(x, tz), format, usetz, ...) :
     unknown timezone 'EST+5EDT'
      -  checking for LF line-endings in source and make files and shell scripts
      -  checking for empty or unneeded directories
      -  building 'VETravelPerformance_0.9.5.tar.gz'
     
-- Checking --------------------------------------------- VETravelPerformance --
Setting env vars:
* _R_CHECK_CRAN_INCOMING_REMOTE_: FALSE
* _R_CHECK_CRAN_INCOMING_       : FALSE
* _R_CHECK_FORCE_SUGGESTS_      : FALSE
* NOT_CRAN                      : true
-- R CMD check -----------------------------------------------------------------
      -  using log directory 'C:/Users/jeremy.raw/Git-Repos/VisionEval-dev-nextgen/built/visioneval/4.0.1/src/VETravelPerformance/VETravelPerformance.Rcheck'
-  using R version 4.0.1 (2020-06-06)
-  using platform: x86_64-w64-mingw32 (64-bit)
-  using session charset: ISO8859-1
     Warning in strptime(xx, f, tz = tz) : unknown timezone 'EST+5EDT'
      -  using options '--no-manual --as-cran' (825ms)
  v  checking for file 'VETravelPerformance/DESCRIPTION'
-  checking extension type ... Package
-  this is package 'VETravelPerformance' version '0.9.5'
-  package encoding: UTF-8
v  checking package namespace information
   checking package dependencies ...     checking package dependencies ...   v  checking package dependencies (869ms)
   checking if this is a source package ...     checking if this is a source package ...   v  checking if this is a source package
v  checking if there is a namespace
         checking for executable files ...     checking for executable files ...   v  checking for executable files (1.7s)
   checking for hidden files and directories ...     checking for hidden files and directories ...   v  checking for hidden files and directories
   checking for portable file names ...     checking for portable file names ...   v  checking for portable file names
         checking whether package 'VETravelPerformance' can be installed ...     checking whether package 'VETravelPerformance' can be installed ...   v  checking whether package 'VETravelPerformance' can be installed (10.2s)
   checking installed package size ...     checking installed package size ...   N  checking installed package size
     installed size is 16.1Mb
       sub-directories of 1Mb or more:
       extdata  15.1Mb
      v  checking package directory
   checking for future file timestamps ...     checking for future file timestamps ...   v  checking for future file timestamps
   checking DESCRIPTION meta-information ...     checking DESCRIPTION meta-information ...   W  checking DESCRIPTION meta-information (464ms)
   Invalid license file pointers: LICENSE
     checking top-level files ...  v  checking top-level files
   checking for left-over files ...     checking for left-over files ...   v  checking for left-over files
v  checking index information
   checking package subdirectories ...     checking package subdirectories ...   v  checking package subdirectories
   checking R files for non-ASCII characters ...     checking R files for non-ASCII characters ...   v  checking R files for non-ASCII characters
   checking R files for syntax errors ...     checking R files for syntax errors ...   v  checking R files for syntax errors
   checking whether the package can be loaded ...     checking whether the package can be loaded ...   v  checking whether the package can be loaded (633ms)
   checking whether the package can be loaded with stated dependencies ...     checking whether the package can be loaded with stated dependencies ...   v  checking whether the package can be loaded with stated dependencies (524ms)
   checking whether the package can be unloaded cleanly ...     checking whether the package can be unloaded cleanly ...   v  checking whether the package can be unloaded cleanly (649ms)
   checking whether the namespace can be loaded with stated dependencies ...     checking whether the namespace can be loaded with stated dependencies ...   v  checking whether the namespace can be loaded with stated dependencies (520ms)
   checking whether the namespace can be unloaded cleanly ...     checking whether the namespace can be unloaded cleanly ...   v  checking whether the namespace can be unloaded cleanly (738ms)
   checking loading without being on the library search path ...     checking loading without being on the library search path ...   v  checking loading without being on the library search path (803ms)
   checking dependencies in R code ...     checking dependencies in R code ...   v  checking dependencies in R code (755ms)
   checking S3 generic/method consistency ...     checking S3 generic/method consistency ...   v  checking S3 generic/method consistency (834ms)
   checking replacement functions ...     checking replacement functions ...   v  checking replacement functions (618ms)
   checking foreign function calls ...     checking foreign function calls ...   v  checking foreign function calls (655ms)
   checking R code for possible problems ...     checking R code for possible problems ...   N  checking R code for possible problems (7s)
   CalculateMpgMpkwhAdjustments : getModelCoeff: no visible binding for
     global variable 'AdvVehType'
   CalculateMpgMpkwhAdjustments : getModelCoeff: no visible binding for
     global variable 'FacilityType'
   CalculateSafetyMeasures: no visible global function definition for
     'getFromNamespace'
   CalculateSafetyMeasures: no visible binding for global variable
     'BikeTrips'
   CalculateSafetyMeasures: no visible binding for global variable
     'BikeAvgTripDist'
   CalculateSafetyMeasures: no visible binding for global variable
     'WalkTrips'
   CalculateSafetyMeasures: no visible binding for global variable
     'WalkAvgTripDist'
   CalculateSafetyMeasures: no visible binding for global variable 'Marea'
   CalculateSafetyMeasures: no visible binding for global variable
     'BikeMT'
   CalculateSafetyMeasures: no visible binding for global variable
     'WalkMT'
   CalculateSafetyMeasures: no visible binding for global variable
     'WalkPMT'
   CalculateSafetyMeasures: no visible binding for global variable
     'BikePMT'
   CalculateSafetyMeasures: no visible binding for global variable
     'AutoFatal'
   CalculateSafetyMeasures: no visible binding for global variable
     'RuralHhDvmt'
   CalculateSafetyMeasures: no visible binding for global variable
     'AutoInjur'
   CalculateSafetyMeasures: no visible binding for global variable
     'UrbanHhDvmt'
   CalculateSafetyMeasures: no visible binding for global variable
     'TownHhDvmt'
   CalculateSafetyMeasures: no visible binding for global variable
     'BusFatal'
   CalculateSafetyMeasures: no visible binding for global variable
     'BusDvmt'
   CalculateSafetyMeasures: no visible binding for global variable
     'BusInjur'
   CalculateSafetyMeasures: no visible binding for global variable
     'RailFatal'
   CalculateSafetyMeasures: no visible binding for global variable
     'RailDvmt'
   CalculateSafetyMeasures: no visible binding for global variable
     'RailInjur'
   CalculateSafetyMeasures: no visible binding for global variable
     'VanDvmt'
Undefined global function     Undefined global functions or variables:
     AdvVehType AutoFatal AutoInjur BikeAvgTripDist BikeMT BikePMT
     BikeTrips BusDvmt BusFatal BusInjur FacilityType Marea RailDvmt
     RailFatal RailInjur RuralHhDvmt TownHhDvmt UrbanHhDvmt VanDvmt
     WalkAvgTripDist WalkMT WalkPMT WalkTrips getFromNamespace
   Consider adding
     importFrom("utils", "getFromNamespace")
   to your NAMESPACE file.
   checking Rd files ...     checking Rd files ...   v  checking Rd files (417ms)
   checking Rd metadata ...     checking Rd metadata ...   v  checking Rd metadata
   checking Rd line widths ...     checking Rd line widths ...   v  checking Rd line widths
   checking Rd cross-references ...     checking Rd cross-references ...   v  checking Rd cross-references
   checking for missing documentation entries ...     checking for missing documentation entries ...   v  checking for missing documentation entries (618ms)
   checking for code/documentation mismatches ...     checking for code/documentation mismatches ...   v  checking for code/documentation mismatches (1.8s)
   checking Rd \usage sections ...     checking Rd \usage sections ...   v  checking Rd \usage sections (1.2s)
   checking Rd contents ...     checking Rd contents ...   v  checking Rd contents
   checking for unstated dependencies in examples ...     checking for unstated dependencies in examples ...   v  checking for unstated dependencies in examples
   checking contents of 'data' directory ...     checking contents of 'data' directory ...   v  checking contents of 'data' directory (486ms)
   checking data for non-ASCII characters ...     checking data for non-ASCII characters ...   v  checking data for non-ASCII characters (851ms)
   checking data for ASCII and uncompressed saves ...     checking data for ASCII and uncompressed saves ...   v  checking data for ASCII and uncompressed saves
         checking examples ...     checking examples ...   -  checking examples ... NONE
      v  checking for non-standard things in the check directory
   checking for detritus in the temp directory ...  v  checking for detritus in the temp directory
   
   See
     'C:/Users/jeremy.raw/Git-Repos/VisionEval-dev-nextgen/built/visioneval/4.0.1/src/VETravelPerformance/VETravelPerformance.Rcheck/00check.log'
   for details.
   
     
     Warning message:
     In as.POSIXlt.POSIXct(Sys.time()) : unknown timezone 'EST+5EDT'
++++++++++ Check results
-- R CMD check results -------------------------- VETravelPerformance 0.9.5 ----
Duration: 36.9s

> checking DESCRIPTION meta-information ... WARNING
  Invalid license file pointers: LICENSE

> checking installed package size ... NOTE
    installed size is 16.1Mb
    sub-directories of 1Mb or more:
      extdata  15.1Mb

> checking R code for possible problems ... NOTE
  CalculateMpgMpkwhAdjustments : getModelCoeff: no visible binding for
    global variable 'AdvVehType'
  CalculateMpgMpkwhAdjustments : getModelCoeff: no visible binding for
    global variable 'FacilityType'
  CalculateSafetyMeasures: no visible global function definition for
    'getFromNamespace'
  CalculateSafetyMeasures: no visible binding for global variable
    'BikeTrips'
  CalculateSafetyMeasures: no visible binding for global variable
    'BikeAvgTripDist'
  CalculateSafetyMeasures: no visible binding for global variable
    'WalkTrips'
  CalculateSafetyMeasures: no visible binding for global variable
    'WalkAvgTripDist'
  CalculateSafetyMeasures: no visible binding for global variable 'Marea'
  CalculateSafetyMeasures: no visible binding for global variable
    'BikeMT'
  CalculateSafetyMeasures: no visible binding for global variable
    'WalkMT'
  CalculateSafetyMeasures: no visible binding for global variable
    'WalkPMT'
  CalculateSafetyMeasures: no visible binding for global variable
    'BikePMT'
  CalculateSafetyMeasures: no visible binding for global variable
    'AutoFatal'
  CalculateSafetyMeasures: no visible binding for global variable
    'RuralHhDvmt'
  CalculateSafetyMeasures: no visible binding for global variable
    'AutoInjur'
  CalculateSafetyMeasures: no visible binding for global variable
    'UrbanHhDvmt'
  CalculateSafetyMeasures: no visible binding for global variable
    'TownHhDvmt'
  CalculateSafetyMeasures: no visible binding for global variable
    'BusFatal'
  CalculateSafetyMeasures: no visible binding for global variable
    'BusDvmt'
  CalculateSafetyMeasures: no visible binding for global variable
    'BusInjur'
  CalculateSafetyMeasures: no visible binding for global variable
    'RailFatal'
  CalculateSafetyMeasures: no visible binding for global variable
    'RailDvmt'
  CalculateSafetyMeasures: no visible binding for global variable
    'RailInjur'
  CalculateSafetyMeasures: no visible binding for global variable
    'VanDvmt'
  Undefined global functions or variables:
    AdvVehType AutoFatal AutoInjur BikeAvgTripDist BikeMT BikePMT
    BikeTrips BusDvmt BusFatal BusInjur FacilityType Marea RailDvmt
    RailFatal RailInjur RuralHhDvmt TownHhDvmt UrbanHhDvmt VanDvmt
    WalkAvgTripDist WalkMT WalkPMT WalkTrips getFromNamespace
  Consider adding
    importFrom("utils", "getFromNamespace")
  to your NAMESPACE file.

0 errors v | 1 warning x | 2 notes x
Loading required package: stringr
0 directories deleted. 1 failed to delete.
v Setting active project to 'C:/Users/jeremy.raw/Git-Repos/VisionEval-dev-nextgen/built/visioneval/4.0.1/src/VETravelPerformance'
v Saving 'UzaDvmtNames_ls' to 'data/UzaDvmtNames_ls.rda'
* Document your data (see 'https://r-pkgs.org/data.html')
v Saving 'InitializeSpecifications' to 'data/InitializeSpecifications.rda'
* Document your data (see 'https://r-pkgs.org/data.html')
[1] "2020-08-03 17:30:58 : Testing Initialize."
[1] "2020-08-03 17:30:58 : Attempting to load datastore."
[1] "2020-08-03 17:30:58 : Datastore loaded."
[1] "2020-08-03 17:30:58 : Attempting to load and check specifications."
[1] "2020-08-03 17:30:58 : Module specifications successfully loaded and checked for errors."
[1] "2020-08-03 17:30:58 : Attempting to process, check and load module inputs."
[1] "2020-08-03 17:30:58 : Module inputs successfully checked and loaded into datastore."
v Saving 'CalculateRoadDvmtSpecifications' to 'data/CalculateRoadDvmtSpecifications.rda'
* Document your data (see 'https://r-pkgs.org/data.html')
[1] "2020-08-03 17:30:58 : Testing CalculateRoadDvmt."
[1] "2020-08-03 17:30:58 : Attempting to load datastore."
[1] "2020-08-03 17:30:59 : Datastore loaded."
[1] "2020-08-03 17:30:59 : Attempting to load and check specifications."
[1] "2020-08-03 17:30:59 : Module specifications successfully loaded and checked for errors."
[1] "2020-08-03 17:30:59 : No inputs to process."
[1] "2020-08-03 17:30:59 : Checking whether datastore contains all datasets in Get specifications."
[1] "2020-08-03 17:30:59 : Datastore contains all datasets identified in module Get specifications."
[1] "2020-08-03 17:30:59 : Running module and checking whether outputs meet Set specifications."
[1] "2020-08-03 17:30:59 : Also saving module outputs to datastore."
[1] "2020-08-03 17:31:00 : Module run successfully and outputs meet Set specifications."
[1] "2020-08-03 17:31:00 : Module outputs saved to datastore."
[1] "2020-08-03 17:31:00 : Congratulations. Module CalculateRoadDvmt passed all tests."
v Saving 'CalculateRoadDvmtSpecifications' to 'data/CalculateRoadDvmtSpecifications.rda'
* Document your data (see 'https://r-pkgs.org/data.html')
[1] "2020-08-03 17:31:00 : Testing CalculateRoadDvmt."
[1] "2020-08-03 17:31:00 : Attempting to load datastore."
[1] "2020-08-03 17:31:00 : Datastore loaded."
[1] "2020-08-03 17:31:00 : Attempting to load and check specifications."
[1] "2020-08-03 17:31:00 : Module specifications successfully loaded and checked for errors."
[1] "2020-08-03 17:31:00 : No inputs to process."
[1] "2020-08-03 17:31:00 : Checking whether datastore contains all datasets in Get specifications."
[1] "2020-08-03 17:31:00 : Datastore contains all datasets identified in module Get specifications."
[1] "2020-08-03 17:31:00 : Running module and checking whether outputs meet Set specifications."
[1] "2020-08-03 17:31:00 : Also saving module outputs to datastore."
[1] "2020-08-03 17:31:01 : Module run successfully and outputs meet Set specifications."
[1] "2020-08-03 17:31:01 : Module outputs saved to datastore."
[1] "2020-08-03 17:31:01 : Congratulations. Module CalculateRoadDvmt passed all tests."
v Saving 'CongestedProportions_ls' to 'data/CongestedProportions_ls.rda'
* Document your data (see 'https://r-pkgs.org/data.html')
v Saving 'BaseSpeeds_df' to 'data/BaseSpeeds_df.rda'
* Document your data (see 'https://r-pkgs.org/data.html')
v Saving 'Delay_df' to 'data/Delay_df.rda'
* Document your data (see 'https://r-pkgs.org/data.html')
v Saving 'Ramp_df' to 'data/Ramp_df.rda'
* Document your data (see 'https://r-pkgs.org/data.html')
v Saving 'Incident_df' to 'data/Incident_df.rda'
* Document your data (see 'https://r-pkgs.org/data.html')
v Saving 'Signal_df' to 'data/Signal_df.rda'
* Document your data (see 'https://r-pkgs.org/data.html')
v Saving 'Access_df' to 'data/Access_df.rda'
* Document your data (see 'https://r-pkgs.org/data.html')
v Saving 'DvmtSplit_LM' to 'data/DvmtSplit_LM.rda'
* Document your data (see 'https://r-pkgs.org/data.html')
v Saving 'UrbanRuralAveSpeed_ls' to 'data/UrbanRuralAveSpeed_ls.rda'
* Document your data (see 'https://r-pkgs.org/data.html')
v Saving 'CalculateRoadPerformanceSpecifications' to 'data/CalculateRoadPerformanceSpecifications.rda'
* Document your data (see 'https://r-pkgs.org/data.html')
[1] "2020-08-03 17:31:01 : Testing CalculateRoadPerformance."
[1] "2020-08-03 17:31:01 : Attempting to load datastore."
[1] "2020-08-03 17:31:01 : Datastore loaded."
[1] "2020-08-03 17:31:01 : Attempting to load and check specifications."
[1] "2020-08-03 17:31:01 : Module specifications successfully loaded and checked for errors."
[1] "2020-08-03 17:31:01 : No inputs to process."
[1] "2020-08-03 17:31:01 : Checking whether datastore contains all datasets in Get specifications."
[1] "2020-08-03 17:31:01 : Datastore contains all datasets identified in module Get specifications."
[1] "2020-08-03 17:31:01 : Running module and checking whether outputs meet Set specifications."
[1] "2020-08-03 17:31:01 : Also saving module outputs to datastore."
[1] "2020-08-03 17:31:03 : Module run successfully and outputs meet Set specifications."
[1] "2020-08-03 17:31:03 : Module outputs saved to datastore."
[1] "2020-08-03 17:31:03 : Congratulations. Module CalculateRoadPerformance passed all tests."
v Saving 'CongestedProportions_ls' to 'data/CongestedProportions_ls.rda'
* Document your data (see 'https://r-pkgs.org/data.html')
v Saving 'BaseSpeeds_df' to 'data/BaseSpeeds_df.rda'
* Document your data (see 'https://r-pkgs.org/data.html')
v Saving 'Delay_df' to 'data/Delay_df.rda'
* Document your data (see 'https://r-pkgs.org/data.html')
v Saving 'Ramp_df' to 'data/Ramp_df.rda'
* Document your data (see 'https://r-pkgs.org/data.html')
v Saving 'Incident_df' to 'data/Incident_df.rda'
* Document your data (see 'https://r-pkgs.org/data.html')
v Saving 'Signal_df' to 'data/Signal_df.rda'
* Document your data (see 'https://r-pkgs.org/data.html')
v Saving 'Access_df' to 'data/Access_df.rda'
* Document your data (see 'https://r-pkgs.org/data.html')
v Saving 'DvmtSplit_LM' to 'data/DvmtSplit_LM.rda'
* Document your data (see 'https://r-pkgs.org/data.html')
v Saving 'UrbanRuralAveSpeed_ls' to 'data/UrbanRuralAveSpeed_ls.rda'
* Document your data (see 'https://r-pkgs.org/data.html')
v Saving 'CalculateRoadPerformanceSpecifications' to 'data/CalculateRoadPerformanceSpecifications.rda'
* Document your data (see 'https://r-pkgs.org/data.html')
[1] "2020-08-03 17:31:03 : Testing CalculateRoadPerformance."
[1] "2020-08-03 17:31:03 : Attempting to load datastore."
[1] "2020-08-03 17:31:04 : Datastore loaded."
[1] "2020-08-03 17:31:04 : Attempting to load and check specifications."
[1] "2020-08-03 17:31:04 : Module specifications successfully loaded and checked for errors."
[1] "2020-08-03 17:31:04 : No inputs to process."
[1] "2020-08-03 17:31:04 : Checking whether datastore contains all datasets in Get specifications."
[1] "2020-08-03 17:31:04 : Datastore contains all datasets identified in module Get specifications."
[1] "2020-08-03 17:31:04 : Running module and checking whether outputs meet Set specifications."
[1] "2020-08-03 17:31:04 : Also saving module outputs to datastore."
[1] "2020-08-03 17:31:04 : Module run successfully and outputs meet Set specifications."
[1] "2020-08-03 17:31:04 : Module outputs saved to datastore."
[1] "2020-08-03 17:31:04 : Congratulations. Module CalculateRoadPerformance passed all tests."
v Saving 'MpgMpkwhAdj_ls' to 'data/MpgMpkwhAdj_ls.rda'
* Document your data (see 'https://r-pkgs.org/data.html')
v Saving 'CalculateMpgMpkwhAdjustmentsSpecifications' to 'data/CalculateMpgMpkwhAdjustmentsSpecifications.rda'
* Document your data (see 'https://r-pkgs.org/data.html')
[1] "2020-08-03 17:31:05 : Testing CalculateMpgMpkwhAdjustments."
[1] "2020-08-03 17:31:05 : Attempting to load datastore."
[1] "2020-08-03 17:31:05 : Datastore loaded."
[1] "2020-08-03 17:31:05 : Attempting to load and check specifications."
[1] "2020-08-03 17:31:05 : Module specifications successfully loaded and checked for errors."
[1] "2020-08-03 17:31:05 : Attempting to process, check and load module inputs."
[1] "2020-08-03 17:31:05 : Module inputs successfully checked and loaded into datastore."
[1] "2020-08-03 17:31:05 : Checking whether datastore contains all datasets in Get specifications."
[1] "2020-08-03 17:31:05 : Datastore contains all datasets identified in module Get specifications."
[1] "2020-08-03 17:31:05 : Running module and checking whether outputs meet Set specifications."
[1] "2020-08-03 17:31:05 : Also saving module outputs to datastore."
[1] "2020-08-03 17:31:06 : Module run successfully and outputs meet Set specifications."
[1] "2020-08-03 17:31:06 : Module outputs saved to datastore."
[1] "2020-08-03 17:31:06 : Congratulations. Module CalculateMpgMpkwhAdjustments passed all tests."
v Saving 'AdjustHhVehicleMpgMpkwhSpecifications' to 'data/AdjustHhVehicleMpgMpkwhSpecifications.rda'
* Document your data (see 'https://r-pkgs.org/data.html')
[1] "2020-08-03 17:31:06 : Testing AdjustHhVehicleMpgMpkwh."
[1] "2020-08-03 17:31:06 : Attempting to load datastore."
[1] "2020-08-03 17:31:06 : Datastore loaded."
[1] "2020-08-03 17:31:06 : Attempting to load and check specifications."
[1] "2020-08-03 17:31:07 : Module specifications successfully loaded and checked for errors."
[1] "2020-08-03 17:31:07 : No inputs to process."
[1] "2020-08-03 17:31:07 : Checking whether datastore contains all datasets in Get specifications."
[1] "2020-08-03 17:31:07 : Datastore contains all datasets identified in module Get specifications."
[1] "2020-08-03 17:31:07 : Running module and checking whether outputs meet Set specifications."
[1] "2020-08-03 17:31:07 : Also saving module outputs to datastore."
[1] "2020-08-03 17:31:11 : Module run successfully and outputs meet Set specifications."
[1] "2020-08-03 17:31:11 : Module outputs saved to datastore."
[1] "2020-08-03 17:31:11 : Congratulations. Module AdjustHhVehicleMpgMpkwh passed all tests."
v Saving 'OpCosts_ls' to 'data/OpCosts_ls.rda'
* Document your data (see 'https://r-pkgs.org/data.html')
v Saving 'CalculateVehicleOperatingCostSpecifications' to 'data/CalculateVehicleOperatingCostSpecifications.rda'
* Document your data (see 'https://r-pkgs.org/data.html')
[1] "2020-08-03 17:31:11 : Testing CalculateVehicleOperatingCost."
[1] "2020-08-03 17:31:11 : Attempting to load datastore."
[1] "2020-08-03 17:31:11 : Datastore loaded."
[1] "2020-08-03 17:31:11 : Attempting to load and check specifications."
[1] "2020-08-03 17:31:11 : Module specifications successfully loaded and checked for errors."
[1] "2020-08-03 17:31:11 : Attempting to process, check and load module inputs."
[1] "2020-08-03 17:31:11 : Module inputs successfully checked and loaded into datastore."
[1] "2020-08-03 17:31:11 : Checking whether datastore contains all datasets in Get specifications."
[1] "2020-08-03 17:31:11 : Datastore contains all datasets identified in module Get specifications."
[1] "2020-08-03 17:31:11 : Running module and checking whether outputs meet Set specifications."
[1] "2020-08-03 17:31:11 : Also saving module outputs to datastore."
[1] "2020-08-03 17:31:23 : Module run successfully and outputs meet Set specifications."
[1] "2020-08-03 17:31:23 : Module outputs saved to datastore."
[1] "2020-08-03 17:31:23 : Congratulations. Module CalculateVehicleOperatingCost passed all tests."
v Saving 'OpPropModel_ls' to 'data/OpPropModel_ls.rda'
* Document your data (see 'https://r-pkgs.org/data.html')
v Saving 'BudgetHouseholdDvmtSpecifications' to 'data/BudgetHouseholdDvmtSpecifications.rda'
* Document your data (see 'https://r-pkgs.org/data.html')
[1] "2020-08-03 17:31:24 : Testing BudgetHouseholdDvmt."
[1] "2020-08-03 17:31:24 : Attempting to load datastore."
[1] "2020-08-03 17:31:24 : Datastore loaded."
[1] "2020-08-03 17:31:24 : Attempting to load and check specifications."
[1] "2020-08-03 17:31:24 : Module specifications successfully loaded and checked for errors."
[1] "2020-08-03 17:31:24 : No inputs to process."
[1] "2020-08-03 17:31:24 : Checking whether datastore contains all datasets in Get specifications."
[1] "2020-08-03 17:31:24 : Datastore contains all datasets identified in module Get specifications."
[1] "2020-08-03 17:31:24 : Running module and checking whether outputs meet Set specifications."
[1] "2020-08-03 17:31:24 : Also saving module outputs to datastore."
[1] "2020-08-03 17:31:29 : Module run successfully and outputs meet Set specifications."
[1] "2020-08-03 17:31:29 : Module outputs saved to datastore."
[1] "2020-08-03 17:31:29 : Congratulations. Module BudgetHouseholdDvmt passed all tests."
v Saving 'BalanceRoadCostsAndRevenuesSpecifications' to 'data/BalanceRoadCostsAndRevenuesSpecifications.rda'
* Document your data (see 'https://r-pkgs.org/data.html')
[1] "2020-08-03 17:31:29 : Testing BalanceRoadCostsAndRevenues."
[1] "2020-08-03 17:31:29 : Attempting to load datastore."
[1] "2020-08-03 17:31:29 : Datastore loaded."
[1] "2020-08-03 17:31:29 : Attempting to load and check specifications."
[1] "2020-08-03 17:31:29 : Module specifications successfully loaded and checked for errors."
[1] "2020-08-03 17:31:29 : Attempting to process, check and load module inputs."
[1] "2020-08-03 17:31:29 : Module inputs successfully checked and loaded into datastore."
[1] "2020-08-03 17:31:29 : Checking whether datastore contains all datasets in Get specifications."
[1] "2020-08-03 17:31:29 : Datastore contains all datasets identified in module Get specifications."
[1] "2020-08-03 17:31:29 : Running module and checking whether outputs meet Set specifications."
[1] "2020-08-03 17:31:29 : Also saving module outputs to datastore."
[1] "2020-08-03 17:31:30 : Module run successfully and outputs meet Set specifications."
[1] "2020-08-03 17:31:30 : Module outputs saved to datastore."
[1] "2020-08-03 17:31:30 : Congratulations. Module BalanceRoadCostsAndRevenues passed all tests."
v Saving 'CalculateComEnergyAndEmissionsSpecifications' to 'data/CalculateComEnergyAndEmissionsSpecifications.rda'
* Document your data (see 'https://r-pkgs.org/data.html')
[1] "2020-08-03 17:31:30 : Testing CalculateComEnergyAndEmissions."
[1] "2020-08-03 17:31:30 : Attempting to load datastore."
[1] "2020-08-03 17:31:30 : Datastore loaded."
[1] "2020-08-03 17:31:30 : Attempting to load and check specifications."
[1] "2020-08-03 17:31:30 : Module specifications successfully loaded and checked for errors."
[1] "2020-08-03 17:31:30 : Attempting to process, check and load module inputs."
[1] "2020-08-03 17:31:30 : Module inputs successfully checked and loaded into datastore."
[1] "2020-08-03 17:31:30 : Checking whether datastore contains all datasets in Get specifications."
[1] "2020-08-03 17:31:30 : Datastore contains all datasets identified in module Get specifications."
[1] "2020-08-03 17:31:30 : Running module and checking whether outputs meet Set specifications."
[1] "2020-08-03 17:31:30 : Also saving module outputs to datastore."
[1] "2020-08-03 17:31:32 : Module run successfully and outputs meet Set specifications."
[1] "2020-08-03 17:31:32 : Module outputs saved to datastore."
[1] "2020-08-03 17:31:32 : Congratulations. Module CalculateComEnergyAndEmissions passed all tests."
v Saving 'CalculatePtranEnergyAndEmissionsSpecifications' to 'data/CalculatePtranEnergyAndEmissionsSpecifications.rda'
* Document your data (see 'https://r-pkgs.org/data.html')
[1] "2020-08-03 17:31:32 : Testing CalculatePtranEnergyAndEmissions."
[1] "2020-08-03 17:31:32 : Attempting to load datastore."
[1] "2020-08-03 17:31:32 : Datastore loaded."
[1] "2020-08-03 17:31:32 : Attempting to load and check specifications."
[1] "2020-08-03 17:31:32 : Module specifications successfully loaded and checked for errors."
[1] "2020-08-03 17:31:32 : No inputs to process."
[1] "2020-08-03 17:31:32 : Checking whether datastore contains all datasets in Get specifications."
[1] "2020-08-03 17:31:32 : Datastore contains all datasets identified in module Get specifications."
[1] "2020-08-03 17:31:32 : Running module and checking whether outputs meet Set specifications."
[1] "2020-08-03 17:31:32 : Also saving module outputs to datastore."
[1] "2020-08-03 17:31:32 : Module run successfully and outputs meet Set specifications."
[1] "2020-08-03 17:31:32 : Module outputs saved to datastore."
[1] "2020-08-03 17:31:32 : Congratulations. Module CalculatePtranEnergyAndEmissions passed all tests."
v Saving 'CalculateSafetyMeasuresSpecifications' to 'data/CalculateSafetyMeasuresSpecifications.rda'
* Document your data (see 'https://r-pkgs.org/data.html')
[1] "2020-08-03 17:31:33 : Testing CalculateSafetyMeasures."
[1] "2020-08-03 17:31:33 : Attempting to load datastore."
[1] "2020-08-03 17:31:33 : Datastore loaded."
[1] "2020-08-03 17:31:33 : Attempting to load and check specifications."
[1] "2020-08-03 17:31:33 : Module specifications successfully loaded and checked for errors."
[1] "2020-08-03 17:31:33 : Attempting to process, check and load module inputs."
Error in (function (ModuleName, ParamDir = "defs", RunParamFile = "run_parameters.json",  : 
  Input files for module CalculateSafetyMeasures have errors. Check the log for details.
Calls: source ... withVisible -> eval -> eval -> doTests -> do.call -> <Anonymous>
In addition: Warning messages:
1: In as.POSIXlt.POSIXct(x, tz) : unknown timezone 'EST+5EDT'
2: In dir.create(file.path(DatastoreName, Group, Table)) :
  'Datastore\Global\OtherOpsEffectiveness' already exists
3: In (function (ModuleName, ParamDir = "defs", RunParamFile = "run_parameters.json",  :
  Specifications check for module 'CalculateRoadDvmt' generated one or more warnings. Check log for details.
4: In (function (ModuleName, ParamDir = "defs", RunParamFile = "run_parameters.json",  :
  Specifications check for module 'CalculateRoadDvmt' generated one or more warnings. Check log for details.
5: In (function (ModuleName, ParamDir = "defs", RunParamFile = "run_parameters.json",  :
  Specifications check for module 'CalculateRoadPerformance' generated one or more warnings. Check log for details.
6: In (function (ModuleName, ParamDir = "defs", RunParamFile = "run_parameters.json",  :
  Specifications check for module 'CalculateRoadPerformance' generated one or more warnings. Check log for details.
7: In (function (ModuleName, ParamDir = "defs", RunParamFile = "run_parameters.json",  :
  Specifications check for module 'CalculateVehicleOperatingCost' generated one or more warnings. Check log for details.
8: In (function (ModuleName, ParamDir = "defs", RunParamFile = "run_parameters.json",  :
  Specifications check for module 'BalanceRoadCostsAndRevenues' generated one or more warnings. Check log for details.
Execution halted
obsolete: VETravelPerformance_0.9.5.tar.gz 
         checking for file 'C:\Users\jeremy.raw\Git-Repos\VisionEval-dev-nextgen\built\visioneval\4.0.1\src\VETravelPerformance/DESCRIPTION' ...  v  checking for file 'C:\Users\jeremy.raw\Git-Repos\VisionEval-dev-nextgen\built\visioneval\4.0.1\src\VETravelPerformance/DESCRIPTION'
      -  preparing 'VETravelPerformance': (2.3s)
   checking DESCRIPTION meta-information ...     checking DESCRIPTION meta-information ...   v  checking DESCRIPTION meta-information
  Warning in as.POSIXlt.POSIXct(x, tz) :     Warning in as.POSIXlt.POSIXct(x, tz) : unknown timezone 'EST+5EDT'
  Warning in format.POSIXlt(as.POSIXlt(x, tz), format, usetz, ...) :     Warning in format.POSIXlt(as.POSIXlt(x, tz), format, usetz, ...) :
     unknown timezone 'EST+5EDT'
      -  checking for LF line-endings in source and make files and shell scripts
      -  checking for empty or unneeded directories
      -  building 'VETravelPerformance_0.9.5.tar.gz'
     
building VETravelPerformance from C:/Users/jeremy.raw/Git-Repos/VisionEval-dev-nextgen/built/visioneval/4.0.1/src/VETravelPerformance as win.binary 
building into C:/Users/jeremy.raw/Git-Repos/VisionEval-dev-nextgen/built/visioneval/4.0.1/pkg-ve-repo/bin/windows/contrib/4.0 
obsolete: VETravelPerformance_0.9.5.zip 
  -  installing to library 'C:/Users/jeremy.raw/rtools40/tmp/Rtmp46IjKp/temp_libpath1264174f2d98'
  -  installing *source* package 'VETravelPerformance' ...
     ** using staged installation
  Warning in as.POSIXlt.POSIXct(x, tz) :     Warning in as.POSIXlt.POSIXct(x, tz) : unknown timezone 'EST+5EDT'
   Warning in format.POSIXlt(as.POSIXlt(x, tz), format, usetz, ...) :
     unknown timezone 'EST+5EDT'
     ** R
     ** data
     *** moving datasets to lazyload DB
     ** inst
     ** byte-compile and prepare package for lazy loading
     v Setting active project to 'C:/Users/jeremy.raw/Git-Repos/VisionEval-dev-nextgen/built/visioneval/4.0.1/src/VETravelPerformance'
   v Saving 'AdjustHhVehicleMpgMpkwhSpecifications' to 'data/AdjustHhVehicleMpgMpkwhSpecifications.rda'
-  Document your data (see 'https://r-pkgs.org/data.html')
   v Saving 'BalanceRoadCostsAndRevenuesSpecifications' to 'data/BalanceRoadCostsAndRevenuesSpecifications.rda'
-  Document your data (see 'https://r-pkgs.org/data.html')
   v Saving 'OpPropModel_ls' to 'data/OpPropModel_ls.rda'
-  Document your data (see 'https://r-pkgs.org/data.html')
   v Saving 'BudgetHouseholdDvmtSpecifications' to 'data/BudgetHouseholdDvmtSpecifications.rda'
-  Document your data (see 'https://r-pkgs.org/data.html')
   v Saving 'CalculateComEnergyAndEmissionsSpecifications' to 'data/CalculateComEnergyAndEmissionsSpecifications.rda'
-  Document your data (see 'https://r-pkgs.org/data.html')
   v Saving 'MpgMpkwhAdj_ls' to 'data/MpgMpkwhAdj_ls.rda'
-  Document your data (see 'https://r-pkgs.org/data.html')
   v Saving 'CalculateMpgMpkwhAdjustmentsSpecifications' to 'data/CalculateMpgMpkwhAdjustmentsSpecifications.rda'
-  Document your data (see 'https://r-pkgs.org/data.html')
   v Saving 'CalculatePtranEnergyAndEmissionsSpecifications' to 'data/CalculatePtranEnergyAndEmissionsSpecifications.rda'
-  Document your data (see 'https://r-pkgs.org/data.html')
   v Saving 'CalculateRoadDvmtSpecifications' to 'data/CalculateRoadDvmtSpecifications.rda'
-  Document your data (see 'https://r-pkgs.org/data.html')
   v Saving 'CongestedProportions_ls' to 'data/CongestedProportions_ls.rda'
-  Document your data (see 'https://r-pkgs.org/data.html')
   v Saving 'BaseSpeeds_df' to 'data/BaseSpeeds_df.rda'
-  Document your data (see 'https://r-pkgs.org/data.html')
   v Saving 'Delay_df' to 'data/Delay_df.rda'
-  Document your data (see 'https://r-pkgs.org/data.html')
   v Saving 'Ramp_df' to 'data/Ramp_df.rda'
-  Document your data (see 'https://r-pkgs.org/data.html')
v Saving 'Incident_df' to 'data/     v Saving 'Incident_df' to 'data/Incident_df.rda'
-  Document your data (see 'https://r-pkgs.org/data.html')
   v Saving 'Signal_df' to 'data/Signal_df.rda'
-  Document your data (see 'https://r-pkgs.org/data.html')
   v Saving 'Access_df' to 'data/Access_df.rda'
-  Document your data (see 'https://r-pkgs.org/data.html')
   v Saving 'DvmtSplit_LM' to 'data/DvmtSplit_LM.rda'
-  Document your data (see 'https://r-pkgs.org/data.html')
   v Saving 'UrbanRuralAveSpeed_ls' to 'data/UrbanRuralAveSpeed_ls.rda'
-  Document your data (see 'https://r-pkgs.org/data.html')
   v Saving 'CalculateRoadPerformanceSpecifications' to 'data/CalculateRoadPerformanceSpecifications.rda'
-  Document your data (see 'https://r-pkgs.org/data.html')
   v Saving 'CalculateSafetyMeasuresSpecifications' to 'data/CalculateSafetyMeasuresSpecifications.rda'
-  Document your data (see 'https://r-pkgs.org/data.html')
   v Saving 'OpCosts_ls' to 'data/OpCosts_ls.rda'
-  Document your data (see 'https://r-pkgs.org/data.html')
   v Saving 'CalculateVehicleOperatingCostSpecifications' to 'data/CalculateVehicleOperatingCostSpecifications.rda'
-  Document your data (see 'https://r-pkgs.org/data.html')
   v Saving 'UzaDvmtNames_ls' to 'data/UzaDvmtNames_ls.rda'
-  Document your data (see 'https://r-pkgs.org/data.html')
   v Saving 'InitializeSpecifications' to 'data/InitializeSpecifications.rda'
-  Document your data (see 'https://r-pkgs.org/data.html')
   v Saving 'RoadDvmtModel_ls' to 'data/RoadDvmtModel_ls.rda'
-  Document your data (see 'https://r-pkgs.org/data.html')
     ** help
     *** installing help indices
     converting help for package        converting help for package 'VETravelPerformance'
     finding HTML links ...         finding HTML links ... done
              Access_df                               html           Access_df                               html  
       AdjustHhVehicleMpgMpkwh                 html           AdjustHhVehicleMpgMpkwh                 html  
       AdjustHhVehicleMpgMpkwhSpecifications   html           AdjustHhVehicleMpgMpkwhSpecifications   html  
       BalanceRoadCostsAndRevenues             html           BalanceRoadCostsAndRevenues             html  
         BalanceRoadCostsAndRevenuesSpecifications
                                             html                                                   html  
       BaseSpeeds_df                           html           BaseSpeeds_df                           html  
       BudgetHouseholdDvmt                     html           BudgetHouseholdDvmt                     html  
       BudgetHouseholdDvmtSpecifications       html           BudgetHouseholdDvmtSpecifications       html  
       CalculateBaseRoadDvmt                   html           CalculateBaseRoadDvmt                   html  
       CalculateComEnergyAndEmissions          html           CalculateComEnergyAndEmissions          html  
         CalculateComEnergyAndEmissionsSpecifications
                                             html                                                   html  
       CalculateMpgMpkwhAdjustments            html           CalculateMpgMpkwhAdjustments            html  
         CalculateMpgMpkwhAdjustmentsSpecifications
                                             html                                                   html  
       CalculatePtranEnergyAndEmissions        html           CalculatePtranEnergyAndEmissions        html  
         CalculatePtranEnergyAndEmissionsSpecifications
                                             html                                                   html  
       CalculateRoadDvmtSpecifications         html           CalculateRoadDvmtSpecifications         html  
       CalculateRoadPerformance                html           CalculateRoadPerformance                html  
         CalculateRoadPerformanceSpecifications
                                             html                                                   html  
       CalculateSafetyMeasures                 html           CalculateSafetyMeasures                 html  
       CalculateSafetyMeasuresSpecifications   html           CalculateSafetyMeasuresSpecifications   html  
       CalculateVehicleOperatingCost           html           CalculateVehicleOperatingCost           html  
         CalculateVehicleOperatingCostSpecifications
                                             html                                                   html  
       CongestedProportions_ls                 html           CongestedProportions_ls                 html  
       Delay_df                                html           Delay_df                                html  
       DvmtSplit_LM                            html           DvmtSplit_LM                            html  
       Incident_df                             html           Incident_df                             html  
       Initialize                              html           Initialize                              html  
       InitializeSpecifications                html           InitializeSpecifications                html  
       MpgMpkwhAdj_ls                          html           MpgMpkwhAdj_ls                          html  
       OpCosts_ls                              html           OpCosts_ls                              html  
       OpPropModel_ls                          html           OpPropModel_ls                          html  
       Ramp_df                                 html           Ramp_df                                 html  
       RoadDvmtModel_ls                        html           RoadDvmtModel_ls                        html  
       Signal_df                               html           Signal_df                               html  
       UrbanRuralAveSpeed_ls                   html           UrbanRuralAveSpeed_ls                   html  
       UzaDvmtNames_ls                         html           UzaDvmtNames_ls                         html  
       assignHhUrbanDvmtProp                   html           assignHhUrbanDvmtProp                   html  
       calculateCongestion                     html           calculateCongestion                     html  
       calculateSpeeds                         html           calculateSpeeds                         html  
     ** building package indices
     ** testing if installed package can be loaded from temporary location
     *** arch - i386
     *** arch - x64
     ** testing if installed package can be loaded from final location
     *** arch - i386
     *** arch - x64
     ** testing if installed package keeps a record of temporary installation path
  -  MD5 sums
     packaged installation of 'VETravelPerformance' as VETravelPerformance_0.9.5.zip
  -  DONE (VETravelPerformance)
++++++++++ Installing built package: C:/Users/jeremy.raw/Git-Repos/VisionEval-dev-nextgen/built/visioneval/4.0.1/pkg-ve-repo/bin/windows/contrib/4.0/VETravelPerformance_0.9.5.zip 
First removing obsolete package version: 0.9.5 
package 'VETravelPerformance' successfully unpacked and MD5 sums checked
Writing source PACKAGES file
Writing binary PACKAGES file
++++++++++ Done building , testing and installing VisionEval packages.
